Index file reached
Index file reached
Request: /register - Method: GET
Index file reached
Request: /register - Method: POST
Index file reached
Request: /register - Method: POST
Index file reached
Request: /register - Method: POST
Index file reached
Request: /register - Method: POST
Index file reached
Request: /register - Method: POST
Index file reached
Request: /register - Method: POST
Index file reached
Request: /register - Method: POST
Index file reached
Request: /register - Method: POST
Index file reached
Request: /register - Method: POST
Index file reached
Request: /register - Method: POST
Index file reached
Request: /register - Method: POST
Index file reached
Request: /register - Method: POST
Index file reached
Request: /register - Method: POST
Index file reached
Request: /register - Method: POST
Index file reached
Request: /register - Method: POST
Index file reached
Request: /register - Method: POST
Index file reached
Request: /register - Method: POST
Index file reached
Request: /register - Method: POST
Index file reached
Request: /register - Method: POST
Index file reached
Request: /register - Method: POST
Index file reached
Request: /register - Method: POST
Index file reached
Request: /register - Method: POST
Index file reached
Request: /register - Method: GET
Index file reached
Request: /register - Method: POST
Index file reached
Request: /register - Method: GET
Index file reached
Request: /register - Method: GET
Index file reached
Request: /register - Method: POST
Index file reached
Request: / - Method: GET
Index file reached
Request: / - Method: GET
Index file reached
Request: / - Method: GET
Index file reached
Request: / - Method: GET
Index file reached
Request: / - Method: GET
Index file reached
Request: / - Method: GET
Index file reached
Request: / - Method: GET
Index file reached
Request: /register - Method: GET
Index file reached
Request: /register - Method: POST
Index file reached
Request: /login - Method: GET
Index file reached
Request: /login - Method: POST
Index file reached
Request: /login - Method: GET
Index file reached
Request: /login - Method: POST
Index file reached
Request: /tasks - Method: GET
